<?xml version="1.0" encoding="UTF-8"?>
<!-- Generated by org.testng.reporters.JUnitXMLReporter -->
<testsuite hostname="M120048YHFD57" ignored="0" name="Regression suite 1" tests="3" failures="0" timestamp="17 Aug 2018 03:17:43 GMT" time="0.023" errors="0">
  <testcase name="test1" time="0.005" classname="com.first.example.DemoOne"/>
  <testcase name="test2" time="0.0" classname="com.first.example.DemoTwo"/>
  <testcase name="test3" time="0.0" classname="com.second.example.DemoThree"/>
</testsuite> <!-- Regression suite 1 -->
