<?xml version="1.0" encoding="UTF-8"?>
<!-- Generated by org.testng.reporters.JUnitXMLReporter -->
<testsuite hostname="M120048YHFD57" ignored="4" name="Regression suite 1" tests="9" failures="0" timestamp="19 Aug 2018 04:49:13 GMT" time="0.427" errors="0">
  <testcase name="test" time="0.009" classname="com.testclasses.FirstAPI"/>
  <testcase name="test" time="0.0" classname="com.testclasses.FirstAPI"/>
  <testcase name="test" time="0.0" classname="com.testclasses.FirstAPI"/>
  <testcase name="test" time="0.001" classname="com.testclasses.SecondAPI"/>
  <testcase name="test" time="0.0" classname="com.testclasses.SecondAPI"/>
  <testcase name="test" time="0.001" classname="com.testclasses.SecondAPI"/>
  <testcase name="test" time="0.001" classname="com.testclasses.ThirdAPI"/>
  <testcase name="test" time="0.001" classname="com.testclasses.ThirdAPI"/>
  <testcase name="test" time="0.0" classname="com.testclasses.ThirdAPI"/>
  <testcase name="@AfterSuite afterSuite" time="0.0" classname="com.common.CommonSuiteClass">
    <ignored/>
  </testcase> <!-- @AfterSuite afterSuite -->
  <testcase name="@AfterSuite afterSuite" time="0.0" classname="com.common.CommonSuiteClass">
    <ignored/>
  </testcase> <!-- @AfterSuite afterSuite -->
  <testcase name="@BeforeSuite beforeSuite" time="0.0" classname="com.common.CommonSuiteClass">
    <ignored/>
  </testcase> <!-- @BeforeSuite beforeSuite -->
  <testcase name="@BeforeSuite beforeSuite" time="0.0" classname="com.common.CommonSuiteClass">
    <ignored/>
  </testcase> <!-- @BeforeSuite beforeSuite -->
</testsuite> <!-- Regression suite 1 -->
